TN:
SF:dist\controllers\authController.js
FN:2,(anonymous_0)
FN:6,(anonymous_1)
FN:9,(anonymous_2)
FN:13,(anonymous_3)
FN:15,(anonymous_4)
FN:18,(anonymous_5)
FN:25,(anonymous_6)
FN:32,(anonymous_7)
FN:51,(anonymous_8)
FN:55,(anonymous_9)
FN:74,(anonymous_10)
FNF:11
FNH:9
FNDA:6,(anonymous_0)
FNDA:1,(anonymous_1)
FNDA:0,(anonymous_2)
FNDA:1,(anonymous_3)
FNDA:0,(anonymous_4)
FNDA:1,(anonymous_5)
FNDA:1,(anonymous_6)
FNDA:2,(anonymous_7)
FNDA:1,(anonymous_8)
FNDA:2,(anonymous_9)
FNDA:3,(anonymous_10)
DA:2,1
DA:3,6
DA:4,6
DA:5,6
DA:6,6
DA:8,6
DA:10,0
DA:11,0
DA:13,1
DA:14,1
DA:16,0
DA:18,1
DA:19,1
DA:20,1
DA:21,6
DA:22,1
DA:23,1
DA:25,1
DA:26,1
DA:28,1
DA:29,1
DA:30,1
DA:31,1
DA:32,1
DA:33,2
DA:34,2
DA:35,1
DA:44,1
DA:50,1
DA:51,1
DA:53,1
DA:55,1
DA:56,2
DA:57,2
DA:58,1
DA:67,1
DA:73,1
DA:74,1
DA:76,3
DA:77,3
DA:78,3
DA:79,3
DA:80,1
DA:83,2
DA:85,2
DA:86,1
DA:88,1
DA:89,1
DA:95,2
DA:101,1
LF:50
LH:47
BRDA:2,0,0,1
BRDA:2,0,1,1
BRDA:2,0,2,1
BRDA:2,1,0,1
BRDA:2,1,1,0
BRDA:3,2,0,6
BRDA:3,2,1,0
BRDA:5,3,0,6
BRDA:5,3,1,0
BRDA:5,4,0,6
BRDA:5,4,1,6
BRDA:5,5,0,0
BRDA:5,5,1,6
BRDA:5,6,0,6
BRDA:5,6,1,0
BRDA:10,7,0,0
BRDA:10,7,1,0
BRDA:13,8,0,1
BRDA:13,8,1,1
BRDA:13,8,2,1
BRDA:13,9,0,1
BRDA:13,9,1,0
BRDA:18,10,0,1
BRDA:18,10,1,1
BRDA:18,10,2,1
BRDA:19,11,0,0
BRDA:19,11,1,1
BRDA:19,12,0,1
BRDA:19,12,1,1
BRDA:21,13,0,1
BRDA:21,13,1,0
BRDA:21,14,0,6
BRDA:21,14,1,0
BRDA:21,15,0,6
BRDA:21,15,1,6
BRDA:25,16,0,1
BRDA:25,16,1,1
BRDA:25,16,2,1
BRDA:26,17,0,1
BRDA:26,17,1,0
BRDA:26,18,0,1
BRDA:26,18,1,1
BRDA:53,19,0,1
BRDA:53,19,1,0
BRDA:53,20,0,1
BRDA:53,20,1,1
BRDA:79,21,0,1
BRDA:79,21,1,2
BRDA:79,22,0,3
BRDA:79,22,1,2
BRDA:85,23,0,1
BRDA:85,23,1,1
BRDA:85,24,0,2
BRDA:85,24,1,1
BRDA:85,25,0,0
BRDA:85,25,1,1
BRDA:85,26,0,1
BRDA:85,26,1,1
BRDA:88,27,0,1
BRDA:88,27,1,0
BRDA:88,28,0,1
BRDA:88,28,1,1
BRF:62
BRH:47
end_of_record
TN:
SF:dist\controllers\bookingController.js
FN:2,(anonymous_0)
FN:10,(anonymous_1)
FN:29,(anonymous_2)
FNF:3
FNH:3
FNDA:3,(anonymous_0)
FNDA:2,(anonymous_1)
FNDA:2,(anonymous_2)
DA:2,1
DA:3,3
DA:5,1
DA:6,1
DA:7,1
DA:8,1
DA:9,1
DA:10,1
DA:11,2
DA:12,2
DA:13,1
DA:22,1
DA:28,1
DA:29,1
DA:30,2
DA:31,2
DA:32,1
DA:41,1
DA:47,1
LF:19
LH:19
BRDA:2,0,0,1
BRDA:2,0,1,1
BRDA:2,0,2,1
BRDA:3,1,0,3
BRDA:3,1,1,0
BRDA:3,2,0,3
BRDA:3,2,1,3
BRF:7
BRH:6
end_of_record
TN:
SF:dist\controllers\imageController.js
FN:2,(anonymous_0)
FN:8,(anonymous_1)
FN:25,(anonymous_2)
FN:33,(anonymous_3)
FNF:4
FNH:2
FNDA:1,(anonymous_0)
FNDA:2,(anonymous_1)
FNDA:0,(anonymous_2)
FNDA:0,(anonymous_3)
DA:2,1
DA:3,1
DA:5,1
DA:6,1
DA:7,1
DA:8,1
DA:9,2
DA:10,2
DA:11,1
DA:12,1
DA:13,1
DA:15,1
DA:18,0
DA:24,1
DA:25,1
DA:26,0
DA:27,0
DA:32,0
DA:33,0
DA:34,0
DA:38,0
DA:40,0
DA:45,1
LF:23
LH:15
BRDA:2,0,0,1
BRDA:2,0,1,1
BRDA:2,0,2,1
BRDA:3,1,0,1
BRDA:3,1,1,0
BRDA:3,2,0,1
BRDA:3,2,1,1
BRDA:11,3,0,1
BRDA:11,3,1,0
BRDA:26,4,0,0
BRDA:26,4,1,0
BRF:11
BRH:7
end_of_record
TN:
SF:dist\controllers\vehicleController.js
FN:2,(anonymous_0)
FN:8,(anonymous_1)
FN:19,(anonymous_2)
FN:38,(anonymous_3)
FN:59,(anonymous_4)
FNF:5
FNH:5
FNDA:1,(anonymous_0)
FNDA:1,(anonymous_1)
FNDA:2,(anonymous_2)
FNDA:2,(anonymous_3)
FNDA:2,(anonymous_4)
DA:2,1
DA:3,1
DA:5,1
DA:6,1
DA:7,1
DA:8,1
DA:9,1
DA:10,1
DA:18,1
DA:19,1
DA:20,2
DA:21,2
DA:22,1
DA:31,1
DA:37,1
DA:38,1
DA:39,2
DA:40,2
DA:41,2
DA:42,2
DA:43,1
DA:52,1
DA:58,1
DA:59,1
DA:60,2
DA:61,2
DA:62,2
DA:63,2
DA:64,1
DA:65,1
DA:74,1
DA:78,1
DA:84,1
LF:33
LH:33
BRDA:2,0,0,1
BRDA:2,0,1,1
BRDA:2,0,2,1
BRDA:3,1,0,1
BRDA:3,1,1,0
BRDA:3,2,0,1
BRDA:3,2,1,1
BRDA:63,3,0,1
BRDA:63,3,1,1
BRF:9
BRH:8
end_of_record
TN:
SF:dist\db\config.js
FN:2,(anonymous_0)
FNF:1
FNH:1
FNDA:5,(anonymous_0)
DA:2,5
DA:3,5
DA:6,5
DA:7,5
DA:8,5
DA:9,5
DA:10,5
DA:13,5
LF:8
LH:8
BRDA:2,0,0,5
BRDA:2,0,1,5
BRDA:2,0,2,5
BRDA:3,1,0,0
BRDA:3,1,1,5
BRDA:3,2,0,5
BRDA:3,2,1,5
BRDA:10,3,0,5
BRDA:10,3,1,0
BRDA:10,4,0,5
BRDA:10,4,1,5
BRDA:10,5,0,5
BRDA:10,5,1,0
BRDA:10,6,0,5
BRDA:10,6,1,5
BRDA:10,7,0,5
BRDA:10,7,1,0
BRDA:10,8,0,5
BRDA:10,8,1,5
BRF:19
BRH:15
end_of_record
TN:
SF:dist\middlewares\routerProtector.js
FN:2,(anonymous_0)
FN:6,(anonymous_1)
FN:9,(anonymous_2)
FN:13,(anonymous_3)
FN:15,(anonymous_4)
FN:18,(anonymous_5)
FN:25,(anonymous_6)
FN:59,(anonymous_7)
FNF:8
FNH:5
FNDA:6,(anonymous_0)
FNDA:0,(anonymous_1)
FNDA:0,(anonymous_2)
FNDA:1,(anonymous_3)
FNDA:0,(anonymous_4)
FNDA:1,(anonymous_5)
FNDA:1,(anonymous_6)
FNDA:1,(anonymous_7)
DA:2,1
DA:3,6
DA:4,6
DA:5,6
DA:6,6
DA:8,6
DA:10,0
DA:11,0
DA:13,1
DA:14,1
DA:16,0
DA:18,1
DA:19,1
DA:20,1
DA:21,6
DA:22,1
DA:23,1
DA:25,1
DA:26,1
DA:28,1
DA:29,1
DA:30,1
DA:31,1
DA:59,1
DA:61,1
DA:63,1
DA:65,1
DA:66,0
DA:68,1
DA:69,1
DA:72,0
DA:74,0
DA:75,0
DA:76,0
DA:78,0
DA:79,0
DA:82,0
DA:85,1
DA:91,1
LF:39
LH:28
BRDA:2,0,0,1
BRDA:2,0,1,1
BRDA:2,0,2,1
BRDA:2,1,0,1
BRDA:2,1,1,0
BRDA:3,2,0,6
BRDA:3,2,1,0
BRDA:5,3,0,6
BRDA:5,3,1,0
BRDA:5,4,0,6
BRDA:5,4,1,6
BRDA:5,5,0,0
BRDA:5,5,1,6
BRDA:5,6,0,6
BRDA:5,6,1,0
BRDA:10,7,0,0
BRDA:10,7,1,0
BRDA:13,8,0,1
BRDA:13,8,1,1
BRDA:13,8,2,1
BRDA:13,9,0,1
BRDA:13,9,1,0
BRDA:18,10,0,1
BRDA:18,10,1,1
BRDA:18,10,2,1
BRDA:19,11,0,0
BRDA:19,11,1,1
BRDA:19,12,0,1
BRDA:19,12,1,1
BRDA:21,13,0,1
BRDA:21,13,1,0
BRDA:21,14,0,6
BRDA:21,14,1,0
BRDA:21,15,0,6
BRDA:21,15,1,6
BRDA:25,16,0,1
BRDA:25,16,1,1
BRDA:25,16,2,1
BRDA:26,17,0,1
BRDA:26,17,1,0
BRDA:26,18,0,1
BRDA:26,18,1,1
BRDA:65,19,0,0
BRDA:65,19,1,1
BRDA:65,20,0,1
BRDA:65,20,1,0
BRDA:68,21,0,1
BRDA:68,21,1,0
BRDA:72,22,0,0
BRDA:72,22,1,0
BRDA:72,23,0,0
BRDA:72,23,1,0
BRDA:75,24,0,0
BRDA:75,24,1,0
BRDA:78,25,0,0
BRDA:78,25,1,0
BRDA:78,26,0,0
BRDA:78,26,1,0
BRF:58
BRH:33
end_of_record
TN:
SF:dist\models\bookingModel.js
FN:2,(anonymous_0)
FN:30,(anonymous_1)
FN:40,(anonymous_2)
FN:50,(anonymous_3)
FN:53,(anonymous_4)
FNF:5
FNH:1
FNDA:3,(anonymous_0)
FNDA:0,(anonymous_1)
FNDA:0,(anonymous_2)
FNDA:0,(anonymous_3)
FNDA:0,(anonymous_4)
DA:2,1
DA:3,3
DA:5,1
DA:6,1
DA:7,1
DA:8,1
DA:9,1
DA:10,1
DA:28,1
DA:29,1
DA:30,1
DA:31,0
DA:32,0
DA:33,0
DA:35,0
DA:36,0
DA:37,0
DA:40,1
DA:41,0
DA:42,0
DA:43,0
DA:49,1
DA:51,0
DA:54,0
DA:56,1
LF:25
LH:14
BRDA:2,0,0,1
BRDA:2,0,1,1
BRDA:2,0,2,1
BRDA:3,1,0,3
BRDA:3,1,1,0
BRDA:3,2,0,3
BRDA:3,2,1,3
BRDA:32,3,0,0
BRDA:32,3,1,0
BRDA:36,4,0,0
BRDA:36,4,1,0
BRDA:36,5,0,0
BRDA:36,5,1,0
BRF:13
BRH:6
end_of_record
TN:
SF:dist\models\imageModel.js
FN:2,(anonymous_0)
FN:28,(anonymous_1)
FN:31,(anonymous_2)
FNF:3
FNH:1
FNDA:1,(anonymous_0)
FNDA:0,(anonymous_1)
FNDA:0,(anonymous_2)
DA:2,1
DA:3,1
DA:5,1
DA:6,1
DA:7,1
DA:8,1
DA:27,1
DA:29,0
DA:32,0
DA:34,1
LF:10
LH:8
BRDA:2,0,0,1
BRDA:2,0,1,1
BRDA:2,0,2,1
BRDA:3,1,0,1
BRDA:3,1,1,0
BRDA:3,2,0,1
BRDA:3,2,1,1
BRF:7
BRH:6
end_of_record
TN:
SF:dist\models\userModel.js
FN:2,(anonymous_0)
FN:29,(anonymous_1)
FN:51,(anonymous_2)
FN:54,(anonymous_3)
FNF:4
FNH:1
FNDA:3,(anonymous_0)
FNDA:0,(anonymous_1)
FNDA:0,(anonymous_2)
FNDA:0,(anonymous_3)
DA:2,3
DA:3,3
DA:5,3
DA:6,3
DA:7,3
DA:8,3
DA:30,0
DA:31,0
DA:33,0
DA:34,0
DA:35,0
DA:46,3
DA:50,3
DA:52,0
DA:55,0
DA:57,3
LF:16
LH:9
BRDA:2,0,0,3
BRDA:2,0,1,3
BRDA:2,0,2,3
BRDA:3,1,0,3
BRDA:3,1,1,0
BRDA:3,2,0,3
BRDA:3,2,1,3
BRDA:30,3,0,0
BRDA:30,3,1,0
BRDA:34,4,0,0
BRDA:34,4,1,0
BRDA:34,5,0,0
BRDA:34,5,1,0
BRDA:34,6,0,0
BRDA:34,6,1,0
BRDA:34,7,0,0
BRDA:34,7,1,0
BRF:17
BRH:6
end_of_record
TN:
SF:dist\models\vehicleModel.js
FN:2,(anonymous_0)
FN:29,(anonymous_1)
FN:60,(anonymous_2)
FN:63,(anonymous_3)
FNF:4
FNH:1
FNDA:2,(anonymous_0)
FNDA:0,(anonymous_1)
FNDA:0,(anonymous_2)
FNDA:0,(anonymous_3)
DA:2,2
DA:3,2
DA:5,2
DA:6,2
DA:7,2
DA:8,2
DA:30,0
DA:31,0
DA:33,0
DA:34,0
DA:35,0
DA:59,2
DA:61,0
DA:64,0
DA:66,2
LF:15
LH:8
BRDA:2,0,0,2
BRDA:2,0,1,2
BRDA:2,0,2,2
BRDA:3,1,0,2
BRDA:3,1,1,0
BRDA:3,2,0,2
BRDA:3,2,1,2
BRDA:30,3,0,0
BRDA:30,3,1,0
BRDA:34,4,0,0
BRDA:34,4,1,0
BRDA:34,5,0,0
BRDA:34,5,1,0
BRF:13
BRH:6
end_of_record
TN:
SF:src\controllers\authController.ts
FN:5,(anonymous_7)
FN:23,(anonymous_8)
FN:27,(anonymous_9)
FN:45,(anonymous_10)
FNF:4
FNH:4
FNDA:2,(anonymous_7)
FNDA:1,(anonymous_8)
FNDA:2,(anonymous_9)
FNDA:3,(anonymous_10)
DA:2,1
DA:3,1
DA:5,1
DA:6,2
DA:7,2
DA:8,1
DA:16,1
DA:23,1
DA:24,1
DA:27,1
DA:28,2
DA:29,2
DA:30,1
DA:38,1
DA:45,1
DA:46,3
DA:47,3
DA:48,3
DA:50,3
DA:51,1
DA:55,2
DA:57,2
DA:58,1
DA:61,1
DA:63,1
DA:68,2
LF:26
LH:26
BRDA:24,0,0,1
BRDA:24,0,1,0
BRDA:24,1,0,1
BRDA:24,1,1,1
BRDA:50,2,0,1
BRDA:50,3,0,3
BRDA:50,3,1,2
BRDA:57,4,0,1
BRDA:57,5,0,2
BRDA:57,5,1,1
BRDA:57,6,0,0
BRDA:57,6,1,1
BRDA:57,7,0,1
BRDA:57,7,1,1
BRDA:61,8,0,1
BRDA:61,8,1,0
BRDA:61,9,0,1
BRDA:61,9,1,1
BRF:18
BRH:15
end_of_record
TN:
SF:src\controllers\bookingController.ts
FN:6,(anonymous_1)
FN:24,(anonymous_2)
FNF:2
FNH:2
FNDA:2,(anonymous_1)
FNDA:2,(anonymous_2)
DA:2,1
DA:3,1
DA:4,1
DA:6,1
DA:7,2
DA:8,2
DA:9,1
DA:17,1
DA:24,1
DA:25,2
DA:26,2
DA:27,1
DA:35,1
LF:13
LH:13
BRF:0
BRH:0
end_of_record
TN:
SF:src\controllers\imageController.ts
FN:4,(anonymous_1)
FN:20,(anonymous_2)
FN:29,(anonymous_3)
FNF:3
FNH:1
FNDA:2,(anonymous_1)
FNDA:0,(anonymous_2)
FNDA:0,(anonymous_3)
DA:2,1
DA:4,1
DA:5,2
DA:6,2
DA:7,1
DA:8,1
DA:9,1
DA:11,1
DA:13,0
DA:20,1
DA:21,0
DA:22,0
DA:27,0
DA:28,0
DA:30,0
DA:34,0
DA:38,0
LF:17
LH:9
BRDA:7,0,0,1
BRDA:7,0,1,0
BRDA:21,1,0,0
BRF:3
BRH:1
end_of_record
TN:
SF:src\controllers\vehicleController.ts
FN:4,(anonymous_1)
FN:15,(anonymous_2)
FN:33,(anonymous_3)
FN:53,(anonymous_4)
FNF:4
FNH:4
FNDA:1,(anonymous_1)
FNDA:2,(anonymous_2)
FNDA:2,(anonymous_3)
FNDA:2,(anonymous_4)
DA:2,1
DA:4,1
DA:5,1
DA:6,1
DA:15,1
DA:16,2
DA:17,2
DA:18,1
DA:26,1
DA:33,1
DA:34,2
DA:35,2
DA:36,2
DA:37,2
DA:38,1
DA:46,1
DA:53,1
DA:54,2
DA:55,2
DA:56,2
DA:57,2
DA:58,1
DA:59,1
DA:67,1
DA:70,1
LF:25
LH:25
BRDA:57,0,0,1
BRDA:57,0,1,1
BRF:2
BRH:2
end_of_record
TN:
SF:src\db\config.ts
FNF:0
FNH:0
DA:1,5
DA:2,5
DA:3,5
DA:5,5
DA:14,5
LF:5
LH:5
BRDA:6,0,0,5
BRDA:6,0,1,0
BRDA:6,1,0,5
BRDA:6,1,1,5
BRDA:7,2,0,5
BRDA:7,2,1,0
BRDA:7,3,0,5
BRDA:7,3,1,5
BRDA:8,4,0,5
BRDA:8,4,1,0
BRDA:8,5,0,5
BRDA:8,5,1,5
BRF:12
BRH:9
end_of_record
TN:
SF:src\middlewares\routerProtector.ts
FN:36,(anonymous_7)
FNF:1
FNH:1
FNDA:5,(anonymous_7)
DA:2,1
DA:3,1
DA:36,1
DA:37,5
DA:39,5
DA:41,5
DA:42,4
DA:45,5
DA:46,1
DA:49,4
DA:52,3
DA:53,3
DA:54,1
DA:57,2
DA:58,1
DA:62,1
DA:64,4
LF:17
LH:17
BRDA:41,0,0,4
BRDA:41,1,0,5
BRDA:41,1,1,4
BRDA:45,2,0,1
BRDA:49,3,0,4
BRDA:49,3,1,0
BRDA:49,4,0,4
BRDA:49,4,1,4
BRDA:53,5,0,1
BRDA:57,6,0,1
BRDA:57,7,0,2
BRDA:57,7,1,2
BRF:12
BRH:11
end_of_record
TN:
SF:src\models\bookingModel.ts
FN:40,(anonymous_1)
FN:51,(anonymous_2)
FN:64,(anonymous_3)
FN:67,(anonymous_4)
FNF:4
FNH:0
FNDA:0,(anonymous_1)
FNDA:0,(anonymous_2)
FNDA:0,(anonymous_3)
FNDA:0,(anonymous_4)
DA:1,1
DA:2,1
DA:3,1
DA:4,1
DA:18,1
DA:37,1
DA:38,1
DA:40,1
DA:41,0
DA:42,0
DA:43,0
DA:45,0
DA:46,0
DA:47,0
DA:51,1
DA:52,0
DA:53,0
DA:54,0
DA:63,1
DA:65,0
DA:68,0
DA:71,1
LF:22
LH:11
BRDA:42,0,0,0
BRDA:46,1,0,0
BRDA:46,2,0,0
BRDA:46,2,1,0
BRF:4
BRH:0
end_of_record
TN:
SF:src\models\imageModel.ts
FN:35,(anonymous_1)
FN:38,(anonymous_2)
FNF:2
FNH:0
FNDA:0,(anonymous_1)
FNDA:0,(anonymous_2)
DA:1,1
DA:2,1
DA:14,1
DA:34,1
DA:36,0
DA:39,0
DA:42,1
LF:7
LH:5
BRF:0
BRH:0
end_of_record
TN:
SF:src\models\userModel.ts
FN:38,(anonymous_1)
FN:64,(anonymous_2)
FN:67,(anonymous_3)
FNF:3
FNH:0
FNDA:0,(anonymous_1)
FNDA:0,(anonymous_2)
FNDA:0,(anonymous_3)
DA:1,3
DA:2,3
DA:17,3
DA:39,0
DA:40,0
DA:43,0
DA:45,0
DA:46,0
DA:58,3
DA:63,3
DA:65,0
DA:68,0
DA:71,3
LF:13
LH:6
BRDA:39,0,0,0
BRDA:45,1,0,0
BRDA:45,2,0,0
BRDA:45,2,1,0
BRDA:45,3,0,0
BRDA:45,3,1,0
BRDA:45,4,0,0
BRDA:45,4,1,0
BRF:8
BRH:0
end_of_record
TN:
SF:src\models\vehicleModel.ts
FN:42,(anonymous_1)
FN:76,(anonymous_2)
FN:79,(anonymous_3)
FNF:3
FNH:0
FNDA:0,(anonymous_1)
FNDA:0,(anonymous_2)
FNDA:0,(anonymous_3)
DA:1,2
DA:2,2
DA:21,2
DA:43,0
DA:44,0
DA:47,0
DA:49,0
DA:50,0
DA:75,2
DA:77,0
DA:80,0
DA:83,2
LF:12
LH:5
BRDA:43,0,0,0
BRDA:49,1,0,0
BRDA:49,2,0,0
BRDA:49,2,1,0
BRF:4
BRH:0
end_of_record
