TN:
SF:src\controllers\authController.ts
FN:5,(anonymous_7)
FN:23,(anonymous_8)
FN:27,(anonymous_9)
FN:45,(anonymous_10)
FNF:4
FNH:4
FNDA:2,(anonymous_7)
FNDA:1,(anonymous_8)
FNDA:2,(anonymous_9)
FNDA:3,(anonymous_10)
DA:2,1
DA:3,1
DA:5,1
DA:6,2
DA:7,2
DA:8,1
DA:16,1
DA:23,1
DA:24,1
DA:27,1
DA:28,2
DA:29,2
DA:30,1
DA:38,1
DA:45,1
DA:46,3
DA:47,3
DA:48,3
DA:50,3
DA:51,1
DA:55,2
DA:57,2
DA:58,1
DA:61,1
DA:63,1
DA:68,2
LF:26
LH:26
BRDA:24,0,0,1
BRDA:24,0,1,0
BRDA:24,1,0,1
BRDA:24,1,1,1
BRDA:50,2,0,1
BRDA:50,3,0,3
BRDA:50,3,1,2
BRDA:57,4,0,1
BRDA:57,5,0,2
BRDA:57,5,1,1
BRDA:57,6,0,0
BRDA:57,6,1,1
BRDA:57,7,0,1
BRDA:57,7,1,1
BRDA:61,8,0,1
BRDA:61,8,1,0
BRDA:61,9,0,1
BRDA:61,9,1,1
BRF:18
BRH:15
end_of_record
TN:
SF:src\controllers\bookingController.ts
FN:6,(anonymous_1)
FN:24,(anonymous_2)
FNF:2
FNH:2
FNDA:2,(anonymous_1)
FNDA:2,(anonymous_2)
DA:2,1
DA:3,1
DA:4,1
DA:6,1
DA:7,2
DA:8,2
DA:9,1
DA:17,1
DA:24,1
DA:25,2
DA:26,2
DA:27,1
DA:35,1
LF:13
LH:13
BRF:0
BRH:0
end_of_record
TN:
SF:src\controllers\imageController.ts
FN:4,(anonymous_1)
FN:20,(anonymous_2)
FN:29,(anonymous_3)
FNF:3
FNH:1
FNDA:2,(anonymous_1)
FNDA:0,(anonymous_2)
FNDA:0,(anonymous_3)
DA:2,1
DA:4,1
DA:5,2
DA:6,2
DA:7,1
DA:8,1
DA:9,1
DA:11,1
DA:13,0
DA:20,1
DA:21,0
DA:22,0
DA:27,0
DA:28,0
DA:30,0
DA:34,0
DA:38,0
LF:17
LH:9
BRDA:7,0,0,1
BRDA:7,0,1,0
BRDA:21,1,0,0
BRF:3
BRH:1
end_of_record
TN:
SF:src\controllers\vehicleController.ts
FN:4,(anonymous_1)
FN:15,(anonymous_2)
FN:33,(anonymous_3)
FN:53,(anonymous_4)
FNF:4
FNH:4
FNDA:1,(anonymous_1)
FNDA:2,(anonymous_2)
FNDA:2,(anonymous_3)
FNDA:2,(anonymous_4)
DA:2,1
DA:4,1
DA:5,1
DA:6,1
DA:15,1
DA:16,2
DA:17,2
DA:18,1
DA:26,1
DA:33,1
DA:34,2
DA:35,2
DA:36,2
DA:37,2
DA:38,1
DA:46,1
DA:53,1
DA:54,2
DA:55,2
DA:56,2
DA:57,2
DA:58,1
DA:59,1
DA:67,1
DA:70,1
LF:25
LH:25
BRDA:57,0,0,1
BRDA:57,0,1,1
BRF:2
BRH:2
end_of_record
TN:
SF:src\db\config.ts
FNF:0
FNH:0
DA:1,5
DA:2,5
DA:3,5
DA:5,5
DA:14,5
LF:5
LH:5
BRDA:6,0,0,5
BRDA:6,0,1,0
BRDA:6,1,0,5
BRDA:6,1,1,5
BRDA:7,2,0,5
BRDA:7,2,1,0
BRDA:7,3,0,5
BRDA:7,3,1,5
BRDA:8,4,0,5
BRDA:8,4,1,0
BRDA:8,5,0,5
BRDA:8,5,1,5
BRF:12
BRH:9
end_of_record
TN:
SF:src\middlewares\routerProtector.ts
FN:36,(anonymous_7)
FNF:1
FNH:1
FNDA:5,(anonymous_7)
DA:2,1
DA:3,1
DA:36,1
DA:37,5
DA:39,5
DA:41,5
DA:42,4
DA:45,5
DA:46,1
DA:49,4
DA:52,3
DA:53,3
DA:54,1
DA:57,2
DA:58,1
DA:62,1
DA:64,4
LF:17
LH:17
BRDA:41,0,0,4
BRDA:41,1,0,5
BRDA:41,1,1,4
BRDA:45,2,0,1
BRDA:49,3,0,4
BRDA:49,3,1,0
BRDA:49,4,0,4
BRDA:49,4,1,4
BRDA:53,5,0,1
BRDA:57,6,0,1
BRDA:57,7,0,2
BRDA:57,7,1,2
BRF:12
BRH:11
end_of_record
TN:
SF:src\models\bookingModel.ts
FN:40,(anonymous_1)
FN:51,(anonymous_2)
FN:64,(anonymous_3)
FN:67,(anonymous_4)
FNF:4
FNH:0
FNDA:0,(anonymous_1)
FNDA:0,(anonymous_2)
FNDA:0,(anonymous_3)
FNDA:0,(anonymous_4)
DA:1,1
DA:2,1
DA:3,1
DA:4,1
DA:18,1
DA:37,1
DA:38,1
DA:40,1
DA:41,0
DA:42,0
DA:43,0
DA:45,0
DA:46,0
DA:47,0
DA:51,1
DA:52,0
DA:53,0
DA:54,0
DA:63,1
DA:65,0
DA:68,0
DA:71,1
LF:22
LH:11
BRDA:42,0,0,0
BRDA:46,1,0,0
BRDA:46,2,0,0
BRDA:46,2,1,0
BRF:4
BRH:0
end_of_record
TN:
SF:src\models\imageModel.ts
FN:35,(anonymous_1)
FN:38,(anonymous_2)
FNF:2
FNH:0
FNDA:0,(anonymous_1)
FNDA:0,(anonymous_2)
DA:1,1
DA:2,1
DA:14,1
DA:34,1
DA:36,0
DA:39,0
DA:42,1
LF:7
LH:5
BRF:0
BRH:0
end_of_record
TN:
SF:src\models\userModel.ts
FN:38,(anonymous_1)
FN:64,(anonymous_2)
FN:67,(anonymous_3)
FNF:3
FNH:0
FNDA:0,(anonymous_1)
FNDA:0,(anonymous_2)
FNDA:0,(anonymous_3)
DA:1,3
DA:2,3
DA:17,3
DA:39,0
DA:40,0
DA:43,0
DA:45,0
DA:46,0
DA:58,3
DA:63,3
DA:65,0
DA:68,0
DA:71,3
LF:13
LH:6
BRDA:39,0,0,0
BRDA:45,1,0,0
BRDA:45,2,0,0
BRDA:45,2,1,0
BRDA:45,3,0,0
BRDA:45,3,1,0
BRDA:45,4,0,0
BRDA:45,4,1,0
BRF:8
BRH:0
end_of_record
TN:
SF:src\models\vehicleModel.ts
FN:42,(anonymous_1)
FN:76,(anonymous_2)
FN:79,(anonymous_3)
FNF:3
FNH:1
FNDA:0,(anonymous_1)
FNDA:1,(anonymous_2)
FNDA:0,(anonymous_3)
DA:1,2
DA:2,2
DA:21,2
DA:43,0
DA:44,0
DA:47,0
DA:49,0
DA:50,0
DA:75,2
DA:77,1
DA:80,0
DA:83,2
LF:12
LH:6
BRDA:43,0,0,0
BRDA:49,1,0,0
BRDA:49,2,0,0
BRDA:49,2,1,0
BRF:4
BRH:0
end_of_record
